2.2247 	WARNING 	We strongly recommend you activate the PTB sound engine in PsychoPy prefs as the preferred audio engine. Its timing is vastly superior. Your prefs are currently set to use ['sounddevice', 'PTB', 'pyo', 'pygame'] (in that order).
14.9790 	WARNING 	User requested fullscreen with size [1024  768], but screen is actually [1920, 1080]. Using actual size
15.7571 	EXP 	Created window1 = Window(allowGUI=True, allowStencil=False, autoLog=True, backendConf=UNKNOWN, bitsMode=UNKNOWN, blendMode='avg', bpc=(8, 8, 8), color=array([0, 0, 0]), colorSpace='rgb', depthBits=8, fullscr=<method-wrapper '__getattribute__' of attributeSetter object at 0x000001405D05F040>, gamma=None, gammaErrorPolicy='raise', lms=UNKNOWN, monitor=<psychopy.monitors.calibTools.Monitor object at 0x000001405E01E160>, multiSample=False, name='window1', numSamples=2, pos=(0, 0), screen=0, size=array([1920, 1080]), stencilBits=0, stereo=False, units='height', useFBO=True, useRetina=False, viewOri=0.0, viewPos=None, viewScale=None, waitBlanking=True, winType='pyglet')
15.7573 	EXP 	window1: mouseVisible = True
15.7576 	EXP 	window1: mouseVisible = False
15.7576 	EXP 	window1: Attempting to measure frame rate of screen (0) ...
15.7577 	EXP 	window1: recordFrameIntervals = False
15.9227 	EXP 	window1: recordFrameIntervals = True
16.1060 	EXP 	Screen (0) actual frame rate measured at 60.03Hz
16.1061 	EXP 	window1: recordFrameIntervals = False
18.6790 	EXP 	Created fixation = ShapeStim(__class__=<class 'psychopy.visual.shape.ShapeStim'>, anchor=('center', 'center'), autoDraw=False, autoLog=True, closeShape=True, color=method-wrapper(...), colorSpace='rgb', contrast=None, depth=-1.0, fillColor=array([1, 1, 1]), fillColorSpace='rgb', fillRGB=array([1, 1, 1]), interpolate=True, lineColor=array([1, 1, 1]), lineColorSpace='rgb', lineRGB=array([1, 1, 1]), lineWidth=1.0, name='fixation', opacity=1.0, ori=0.0, pos=array([0., 0.]), size=array([10., 10.]), units='pix', vertices=ndarray(...), win=Window(...), windingRule=None)
18.6917 	EXP 	Created grating = GratingStim(__class__=<class 'psychopy.visual.grating.GratingStim'>, anchor='center', autoDraw=False, autoLog=True, blendmode='avg', color=array([1, 1, 1]), colorSpace='rgb', contrast=1.0, depth=-2.0, interpolate=True, mask='circle', maskParams=None, name='grating', opacity=1.0, ori=0.0, phase=array([0., 0.]), pos=array([0., 0.]), rgbPedestal=array([0., 0., 0.]), sf=array([5., 5.]), size=array([0.1, 0.1]), tex='sin', texRes=128.0, units='height', win=Window(...))
18.7081 	EXP 	Imported cons.xlsx as conditions, 1 conditions, 5 params
19.2894 	EXP 	window1: recordFrameIntervals = False
19.2913 	DATA 	Mouse: Left button down, pos=(808,650)
19.2918 	DATA 	Mouse:  Left button up, pos=(808,650)
19.3042 	EXP 	window1: recordFrameIntervals = False
20.3199 	EXP 	fixation: autoDraw = True
20.7379 	EXP 	grating: autoDraw = True
20.7379 	EXP 	grating: tex = 'sin'
21.0404 	EXP 	grating: autoDraw = False
21.3235 	EXP 	fixation: autoDraw = False
21.7156 	EXP 	window1: recordFrameIntervals = False
21.7188 	DATA 	Keypress: right
21.7361 	EXP 	fixation: autoDraw = False
21.7361 	EXP 	grating: autoDraw = False
21.7364 	EXP 	window1: recordFrameIntervals = False
22.7226 	EXP 	fixation: autoDraw = True
23.7227 	EXP 	fixation: autoDraw = False
23.7227 	EXP 	grating: autoDraw = True
23.7227 	EXP 	grating: tex = 'sin'
24.0221 	EXP 	grating: autoDraw = False
24.1578 	EXP 	window1: recordFrameIntervals = False
24.1595 	DATA 	Keypress: left
24.1720 	EXP 	fixation: autoDraw = False
24.1720 	EXP 	grating: autoDraw = False
24.1722 	EXP 	window1: recordFrameIntervals = False
25.1673 	EXP 	fixation: autoDraw = True
26.1668 	EXP 	fixation: autoDraw = False
26.1668 	EXP 	grating: autoDraw = True
26.1668 	EXP 	grating: tex = 'sin'
26.4666 	EXP 	grating: autoDraw = False
26.6025 	EXP 	window1: recordFrameIntervals = False
26.6039 	DATA 	Keypress: left
26.6166 	EXP 	fixation: autoDraw = False
26.6166 	EXP 	grating: autoDraw = False
26.6168 	EXP 	window1: recordFrameIntervals = False
27.6160 	EXP 	fixation: autoDraw = True
28.6156 	EXP 	fixation: autoDraw = False
28.6156 	EXP 	grating: autoDraw = True
28.6156 	EXP 	grating: tex = 'sin'
28.9153 	EXP 	grating: autoDraw = False
28.9844 	EXP 	window1: recordFrameIntervals = False
28.9859 	DATA 	Keypress: left
28.9986 	EXP 	fixation: autoDraw = False
28.9986 	EXP 	grating: autoDraw = False
28.9989 	EXP 	window1: recordFrameIntervals = False
29.9982 	EXP 	fixation: autoDraw = True
30.9979 	EXP 	fixation: autoDraw = False
30.9979 	EXP 	grating: autoDraw = True
30.9979 	EXP 	grating: tex = 'sin'
31.2973 	EXP 	grating: autoDraw = False
31.3175 	EXP 	window1: recordFrameIntervals = False
31.3192 	DATA 	Keypress: left
31.3306 	EXP 	fixation: autoDraw = False
31.3306 	EXP 	grating: autoDraw = False
31.3309 	EXP 	window1: recordFrameIntervals = False
32.3298 	EXP 	fixation: autoDraw = True
33.3294 	EXP 	fixation: autoDraw = False
33.3294 	EXP 	grating: autoDraw = True
33.3294 	EXP 	grating: tex = 'sin'
33.6293 	EXP 	grating: autoDraw = False
33.7653 	EXP 	window1: recordFrameIntervals = False
33.7672 	DATA 	Keypress: right
33.7793 	EXP 	fixation: autoDraw = False
33.7793 	EXP 	grating: autoDraw = False
33.7796 	EXP 	window1: recordFrameIntervals = False
34.7787 	EXP 	fixation: autoDraw = True
35.7787 	EXP 	fixation: autoDraw = False
35.7787 	EXP 	grating: autoDraw = True
35.7787 	EXP 	grating: tex = 'sin'
36.0779 	EXP 	grating: autoDraw = False
36.1305 	EXP 	window1: recordFrameIntervals = False
36.1319 	DATA 	Keypress: right
36.1450 	EXP 	fixation: autoDraw = False
36.1450 	EXP 	grating: autoDraw = False
36.1452 	EXP 	window1: recordFrameIntervals = False
37.1440 	EXP 	fixation: autoDraw = True
38.1439 	EXP 	fixation: autoDraw = False
38.1439 	EXP 	grating: autoDraw = True
38.1439 	EXP 	grating: tex = 'sin'
38.4432 	EXP 	grating: autoDraw = False
38.5289 	EXP 	window1: recordFrameIntervals = False
38.5304 	DATA 	Keypress: right
38.5437 	EXP 	fixation: autoDraw = False
38.5437 	EXP 	grating: autoDraw = False
38.5440 	EXP 	window1: recordFrameIntervals = False
39.5426 	EXP 	fixation: autoDraw = True
40.5422 	EXP 	fixation: autoDraw = False
40.5422 	EXP 	grating: autoDraw = True
40.5422 	EXP 	grating: tex = 'sin'
40.8423 	EXP 	grating: autoDraw = False
41.0278 	EXP 	window1: recordFrameIntervals = False
41.0293 	DATA 	Keypress: right
41.0419 	EXP 	fixation: autoDraw = False
41.0419 	EXP 	grating: autoDraw = False
41.0422 	EXP 	window1: recordFrameIntervals = False
42.0412 	EXP 	fixation: autoDraw = True
43.0407 	EXP 	fixation: autoDraw = False
43.0407 	EXP 	grating: autoDraw = True
43.0407 	EXP 	grating: tex = 'sin'
43.3264 	EXP 	window1: recordFrameIntervals = False
43.3278 	DATA 	Keypress: left
43.3406 	EXP 	grating: autoDraw = False
43.3406 	EXP 	fixation: autoDraw = False
43.3406 	EXP 	grating: autoDraw = False
43.3409 	EXP 	window1: recordFrameIntervals = False
44.3400 	EXP 	fixation: autoDraw = True
45.3395 	EXP 	fixation: autoDraw = False
45.3395 	EXP 	grating: autoDraw = True
45.3395 	EXP 	grating: tex = 'sin'
45.6392 	EXP 	grating: autoDraw = False
45.7922 	EXP 	window1: recordFrameIntervals = False
45.7936 	DATA 	Keypress: right
45.8058 	EXP 	fixation: autoDraw = False
45.8058 	EXP 	grating: autoDraw = False
45.8061 	EXP 	window1: recordFrameIntervals = False
46.8053 	EXP 	fixation: autoDraw = True
47.8048 	EXP 	fixation: autoDraw = False
47.8048 	EXP 	grating: autoDraw = True
47.8048 	EXP 	grating: tex = 'sin'
48.0740 	EXP 	window1: recordFrameIntervals = False
48.0754 	DATA 	Keypress: left
48.0886 	EXP 	fixation: autoDraw = False
48.0886 	EXP 	grating: autoDraw = False
48.0890 	EXP 	window1: recordFrameIntervals = False
49.0874 	EXP 	fixation: autoDraw = True
50.0869 	EXP 	fixation: autoDraw = False
50.0869 	EXP 	grating: autoDraw = True
50.0869 	EXP 	grating: tex = 'sin'
50.3867 	EXP 	grating: autoDraw = False
50.4725 	EXP 	window1: recordFrameIntervals = False
50.4740 	DATA 	Keypress: left
50.4868 	EXP 	fixation: autoDraw = False
50.4868 	EXP 	grating: autoDraw = False
50.4872 	EXP 	window1: recordFrameIntervals = False
51.4861 	EXP 	fixation: autoDraw = True
52.4855 	EXP 	fixation: autoDraw = False
52.4855 	EXP 	grating: autoDraw = True
52.4855 	EXP 	grating: tex = 'sin'
52.7855 	EXP 	grating: autoDraw = False
52.7892 	EXP 	window1: recordFrameIntervals = False
52.7908 	DATA 	Keypress: left
52.8021 	EXP 	fixation: autoDraw = False
52.8021 	EXP 	grating: autoDraw = False
52.8024 	EXP 	window1: recordFrameIntervals = False
53.8014 	EXP 	fixation: autoDraw = True
54.8011 	EXP 	fixation: autoDraw = False
54.8011 	EXP 	grating: autoDraw = True
54.8011 	EXP 	grating: tex = 'sin'
55.1010 	EXP 	grating: autoDraw = False
55.1037 	EXP 	window1: recordFrameIntervals = False
55.1052 	DATA 	Keypress: left
55.1177 	EXP 	fixation: autoDraw = False
55.1177 	EXP 	grating: autoDraw = False
55.1180 	EXP 	window1: recordFrameIntervals = False
56.1167 	EXP 	fixation: autoDraw = True
57.1163 	EXP 	fixation: autoDraw = False
57.1163 	EXP 	grating: autoDraw = True
57.1163 	EXP 	grating: tex = 'sin'
57.4160 	EXP 	grating: autoDraw = False
57.4524 	EXP 	window1: recordFrameIntervals = False
57.4541 	DATA 	Keypress: right
57.4664 	EXP 	fixation: autoDraw = False
57.4664 	EXP 	grating: autoDraw = False
57.4667 	EXP 	window1: recordFrameIntervals = False
58.4655 	EXP 	fixation: autoDraw = True
59.4649 	EXP 	fixation: autoDraw = False
59.4649 	EXP 	grating: autoDraw = True
59.4649 	EXP 	grating: tex = 'sin'
59.7647 	EXP 	grating: autoDraw = False
59.8009 	EXP 	window1: recordFrameIntervals = False
59.8024 	DATA 	Keypress: right
59.8148 	EXP 	fixation: autoDraw = False
59.8148 	EXP 	grating: autoDraw = False
59.8151 	EXP 	window1: recordFrameIntervals = False
60.8146 	EXP 	fixation: autoDraw = True
61.8137 	EXP 	grating: autoDraw = True
61.8137 	EXP 	grating: tex = 'sin'
61.8303 	EXP 	fixation: autoDraw = False
62.1134 	EXP 	grating: autoDraw = False
62.1658 	EXP 	window1: recordFrameIntervals = False
62.1671 	DATA 	Keypress: left
62.1802 	EXP 	fixation: autoDraw = False
62.1802 	EXP 	grating: autoDraw = False
62.1805 	EXP 	window1: recordFrameIntervals = False
63.1797 	EXP 	fixation: autoDraw = True
64.1795 	EXP 	fixation: autoDraw = False
64.1795 	EXP 	grating: autoDraw = True
64.1795 	EXP 	grating: tex = 'sin'
64.4479 	EXP 	window1: recordFrameIntervals = False
64.4495 	DATA 	Keypress: right
64.4622 	EXP 	fixation: autoDraw = False
64.4622 	EXP 	grating: autoDraw = False
64.4625 	EXP 	window1: recordFrameIntervals = False
65.4615 	EXP 	fixation: autoDraw = True
66.4612 	EXP 	fixation: autoDraw = False
66.4612 	EXP 	grating: autoDraw = True
66.4612 	EXP 	grating: tex = 'sin'
66.7613 	EXP 	grating: autoDraw = False
66.8467 	EXP 	window1: recordFrameIntervals = False
66.8485 	DATA 	Keypress: left
66.8609 	EXP 	fixation: autoDraw = False
66.8609 	EXP 	grating: autoDraw = False
66.8612 	EXP 	window1: recordFrameIntervals = False
67.8601 	EXP 	fixation: autoDraw = True
68.8597 	EXP 	fixation: autoDraw = False
68.8597 	EXP 	grating: autoDraw = True
68.8597 	EXP 	grating: tex = 'sin'
69.1595 	EXP 	grating: autoDraw = False
69.3451 	EXP 	window1: recordFrameIntervals = False
69.3465 	DATA 	Keypress: left
69.3596 	EXP 	fixation: autoDraw = False
69.3596 	EXP 	grating: autoDraw = False
69.3599 	EXP 	window1: recordFrameIntervals = False
70.3589 	EXP 	fixation: autoDraw = True
71.2606 	DATA 	Keypress: right
71.3583 	EXP 	fixation: autoDraw = False
71.3583 	EXP 	grating: autoDraw = True
71.3583 	EXP 	grating: tex = 'sin'
71.6583 	EXP 	grating: autoDraw = False
85.5537 	EXP 	window1: recordFrameIntervals = False
85.5554 	DATA 	Keypress: left
85.5671 	EXP 	fixation: autoDraw = False
85.5671 	EXP 	grating: autoDraw = False
85.5674 	EXP 	window1: recordFrameIntervals = False
86.5665 	EXP 	fixation: autoDraw = True
87.5659 	EXP 	fixation: autoDraw = False
87.5659 	EXP 	grating: autoDraw = True
87.5659 	EXP 	grating: tex = 'sin'
87.8659 	EXP 	grating: autoDraw = False
87.9516 	EXP 	window1: recordFrameIntervals = False
87.9530 	DATA 	Keypress: right
87.9658 	EXP 	fixation: autoDraw = False
87.9658 	EXP 	grating: autoDraw = False
87.9662 	EXP 	window1: recordFrameIntervals = False
88.9653 	EXP 	fixation: autoDraw = True
89.9646 	EXP 	fixation: autoDraw = False
89.9646 	EXP 	grating: autoDraw = True
89.9646 	EXP 	grating: tex = 'sin'
90.2645 	EXP 	grating: autoDraw = False
90.3669 	EXP 	window1: recordFrameIntervals = False
90.3683 	DATA 	Keypress: right
90.3813 	EXP 	fixation: autoDraw = False
90.3813 	EXP 	grating: autoDraw = False
90.3815 	EXP 	window1: recordFrameIntervals = False
91.3806 	EXP 	fixation: autoDraw = True
92.3800 	EXP 	fixation: autoDraw = False
92.3800 	EXP 	grating: autoDraw = True
92.3800 	EXP 	grating: tex = 'sin'
92.6798 	EXP 	grating: autoDraw = False
92.7990 	EXP 	window1: recordFrameIntervals = False
92.8006 	DATA 	Keypress: right
92.8132 	EXP 	fixation: autoDraw = False
92.8132 	EXP 	grating: autoDraw = False
92.8135 	EXP 	window1: recordFrameIntervals = False
93.8131 	EXP 	fixation: autoDraw = True
94.8119 	EXP 	grating: autoDraw = True
94.8119 	EXP 	grating: tex = 'sin'
94.8285 	EXP 	fixation: autoDraw = False
95.1118 	EXP 	grating: autoDraw = False
95.1975 	DATA 	Keypress: right
95.2141 	EXP 	window1: recordFrameIntervals = False
95.2284 	EXP 	fixation: autoDraw = False
95.2284 	EXP 	grating: autoDraw = False
95.2287 	EXP 	window1: recordFrameIntervals = False
96.2283 	EXP 	fixation: autoDraw = True
97.2272 	EXP 	fixation: autoDraw = False
97.2272 	EXP 	grating: autoDraw = True
97.2272 	EXP 	grating: tex = 'sin'
97.5271 	EXP 	grating: autoDraw = False
97.6127 	EXP 	window1: recordFrameIntervals = False
97.6142 	DATA 	Keypress: left
97.6274 	EXP 	fixation: autoDraw = False
97.6274 	EXP 	grating: autoDraw = False
97.6277 	EXP 	window1: recordFrameIntervals = False
98.6266 	EXP 	fixation: autoDraw = True
99.6259 	EXP 	fixation: autoDraw = False
99.6259 	EXP 	grating: autoDraw = True
99.6259 	EXP 	grating: tex = 'sin'
99.9258 	EXP 	grating: autoDraw = False
99.9950 	EXP 	window1: recordFrameIntervals = False
99.9968 	DATA 	Keypress: left
100.0095 	EXP 	fixation: autoDraw = False
100.0095 	EXP 	grating: autoDraw = False
100.0099 	EXP 	window1: recordFrameIntervals = False
101.0085 	EXP 	fixation: autoDraw = True
102.0079 	EXP 	fixation: autoDraw = False
102.0079 	EXP 	grating: autoDraw = True
102.0079 	EXP 	grating: tex = 'sin'
102.3078 	EXP 	grating: autoDraw = False
102.3275 	EXP 	window1: recordFrameIntervals = False
102.3289 	DATA 	Keypress: right
102.3411 	EXP 	fixation: autoDraw = False
102.3411 	EXP 	grating: autoDraw = False
102.3414 	EXP 	window1: recordFrameIntervals = False
103.3405 	EXP 	fixation: autoDraw = True
104.3401 	EXP 	fixation: autoDraw = False
104.3401 	EXP 	grating: autoDraw = True
104.3401 	EXP 	grating: tex = 'sin'
104.6398 	EXP 	grating: autoDraw = False
104.6768 	DATA 	Keypress: left
104.6924 	EXP 	window1: recordFrameIntervals = False
104.7064 	EXP 	fixation: autoDraw = False
104.7064 	EXP 	grating: autoDraw = False
104.7067 	EXP 	window1: recordFrameIntervals = False
105.7058 	EXP 	fixation: autoDraw = True
106.7057 	EXP 	fixation: autoDraw = False
106.7057 	EXP 	grating: autoDraw = True
106.7057 	EXP 	grating: tex = 'sin'
107.0052 	EXP 	grating: autoDraw = False
107.0752 	DATA 	Keypress: right
107.0912 	EXP 	window1: recordFrameIntervals = False
107.1051 	EXP 	fixation: autoDraw = False
107.1051 	EXP 	grating: autoDraw = False
107.1054 	EXP 	window1: recordFrameIntervals = False
108.1044 	EXP 	fixation: autoDraw = True
109.1040 	EXP 	fixation: autoDraw = False
109.1040 	EXP 	grating: autoDraw = True
109.1040 	EXP 	grating: tex = 'sin'
109.4039 	EXP 	grating: autoDraw = False
109.4894 	EXP 	window1: recordFrameIntervals = False
109.4908 	DATA 	Keypress: right
109.5039 	EXP 	fixation: autoDraw = False
109.5039 	EXP 	grating: autoDraw = False
109.5041 	EXP 	window1: recordFrameIntervals = False
110.5032 	EXP 	fixation: autoDraw = True
111.5027 	EXP 	fixation: autoDraw = False
111.5027 	EXP 	grating: autoDraw = True
111.5027 	EXP 	grating: tex = 'sin'
111.8025 	EXP 	grating: autoDraw = False
111.8717 	EXP 	window1: recordFrameIntervals = False
111.8731 	DATA 	Keypress: left
111.8857 	EXP 	fixation: autoDraw = False
111.8857 	EXP 	grating: autoDraw = False
111.8859 	EXP 	window1: recordFrameIntervals = False
112.8851 	EXP 	fixation: autoDraw = True
113.8847 	EXP 	fixation: autoDraw = False
113.8847 	EXP 	grating: autoDraw = True
113.8847 	EXP 	grating: tex = 'sin'
114.1846 	EXP 	grating: autoDraw = False
114.2875 	EXP 	window1: recordFrameIntervals = False
114.2891 	DATA 	Keypress: left
114.3013 	EXP 	fixation: autoDraw = False
114.3013 	EXP 	grating: autoDraw = False
114.3017 	EXP 	window1: recordFrameIntervals = False
115.3005 	EXP 	fixation: autoDraw = True
116.3000 	EXP 	fixation: autoDraw = False
116.3000 	EXP 	grating: autoDraw = True
116.3000 	EXP 	grating: tex = 'sin'
116.6000 	EXP 	grating: autoDraw = False
116.6690 	EXP 	window1: recordFrameIntervals = False
116.6705 	DATA 	Keypress: right
116.6831 	EXP 	fixation: autoDraw = False
116.6831 	EXP 	grating: autoDraw = False
116.6833 	EXP 	window1: recordFrameIntervals = False
117.6828 	EXP 	fixation: autoDraw = True
118.6820 	EXP 	fixation: autoDraw = False
118.6820 	EXP 	grating: autoDraw = True
118.6820 	EXP 	grating: tex = 'sin'
118.9818 	EXP 	grating: autoDraw = False
119.0510 	EXP 	window1: recordFrameIntervals = False
119.0527 	DATA 	Keypress: left
119.0657 	EXP 	fixation: autoDraw = False
119.0657 	EXP 	grating: autoDraw = False
119.0660 	EXP 	window1: recordFrameIntervals = False
120.0649 	EXP 	fixation: autoDraw = True
121.0640 	EXP 	fixation: autoDraw = False
121.0640 	EXP 	grating: autoDraw = True
121.0640 	EXP 	grating: tex = 'sin'
121.3637 	EXP 	grating: autoDraw = False
121.4167 	DATA 	Keypress: left
121.4328 	EXP 	window1: recordFrameIntervals = False
121.4472 	EXP 	fixation: autoDraw = False
121.4472 	EXP 	grating: autoDraw = False
121.4474 	EXP 	window1: recordFrameIntervals = False
122.4466 	EXP 	fixation: autoDraw = True
123.4460 	EXP 	fixation: autoDraw = False
123.4460 	EXP 	grating: autoDraw = True
123.4460 	EXP 	grating: tex = 'sin'
123.7459 	EXP 	grating: autoDraw = False
123.7649 	EXP 	window1: recordFrameIntervals = False
123.7663 	DATA 	Keypress: left
123.7791 	EXP 	fixation: autoDraw = False
123.7791 	EXP 	grating: autoDraw = False
123.7794 	EXP 	window1: recordFrameIntervals = False
124.7790 	EXP 	fixation: autoDraw = True
125.7781 	EXP 	fixation: autoDraw = False
125.7781 	EXP 	grating: autoDraw = True
125.7781 	EXP 	grating: tex = 'sin'
126.0778 	EXP 	grating: autoDraw = False
126.0813 	EXP 	window1: recordFrameIntervals = False
126.0827 	DATA 	Keypress: right
126.0946 	EXP 	fixation: autoDraw = False
126.0946 	EXP 	grating: autoDraw = False
126.0949 	EXP 	window1: recordFrameIntervals = False
127.0944 	EXP 	fixation: autoDraw = True
128.0934 	EXP 	fixation: autoDraw = False
128.0934 	EXP 	grating: autoDraw = True
128.0934 	EXP 	grating: tex = 'sin'
128.3933 	EXP 	grating: autoDraw = False
128.5121 	EXP 	window1: recordFrameIntervals = False
128.5134 	DATA 	Keypress: right
128.5265 	EXP 	fixation: autoDraw = False
128.5265 	EXP 	grating: autoDraw = False
128.5267 	EXP 	window1: recordFrameIntervals = False
129.5260 	EXP 	fixation: autoDraw = True
130.5255 	EXP 	fixation: autoDraw = False
130.5255 	EXP 	grating: autoDraw = True
130.5255 	EXP 	grating: tex = 'sin'
130.8252 	EXP 	grating: autoDraw = False
130.8786 	EXP 	window1: recordFrameIntervals = False
130.8804 	DATA 	Keypress: right
130.8918 	EXP 	fixation: autoDraw = False
130.8918 	EXP 	grating: autoDraw = False
130.8923 	EXP 	window1: recordFrameIntervals = False
131.8911 	EXP 	fixation: autoDraw = True
132.8907 	EXP 	fixation: autoDraw = False
132.8907 	EXP 	grating: autoDraw = True
132.8907 	EXP 	grating: tex = 'sin'
133.1907 	EXP 	grating: autoDraw = False
133.1932 	EXP 	window1: recordFrameIntervals = False
133.1948 	DATA 	Keypress: right
133.2071 	EXP 	fixation: autoDraw = False
133.2071 	EXP 	grating: autoDraw = False
133.2074 	EXP 	window1: recordFrameIntervals = False
134.2066 	EXP 	fixation: autoDraw = True
135.2062 	EXP 	fixation: autoDraw = False
135.2062 	EXP 	grating: autoDraw = True
135.2062 	EXP 	grating: tex = 'sin'
135.5066 	EXP 	grating: autoDraw = False
135.5750 	EXP 	window1: recordFrameIntervals = False
135.5764 	DATA 	Keypress: left
135.5893 	EXP 	fixation: autoDraw = False
135.5893 	EXP 	grating: autoDraw = False
135.5896 	EXP 	window1: recordFrameIntervals = False
136.5891 	EXP 	fixation: autoDraw = True
137.5881 	EXP 	fixation: autoDraw = False
137.5881 	EXP 	grating: autoDraw = True
137.5881 	EXP 	grating: tex = 'sin'
137.8880 	EXP 	grating: autoDraw = False
138.0072 	EXP 	window1: recordFrameIntervals = False
138.0087 	DATA 	Keypress: left
138.0216 	EXP 	fixation: autoDraw = False
138.0216 	EXP 	grating: autoDraw = False
138.0218 	EXP 	window1: recordFrameIntervals = False
139.0206 	EXP 	fixation: autoDraw = True
140.0202 	EXP 	fixation: autoDraw = False
140.0202 	EXP 	grating: autoDraw = True
140.0202 	EXP 	grating: tex = 'sin'
140.3201 	EXP 	grating: autoDraw = False
140.3888 	EXP 	window1: recordFrameIntervals = False
140.3902 	DATA 	Keypress: left
140.4033 	EXP 	fixation: autoDraw = False
140.4033 	EXP 	grating: autoDraw = False
140.4036 	EXP 	window1: recordFrameIntervals = False
141.4025 	EXP 	fixation: autoDraw = True
142.4021 	EXP 	fixation: autoDraw = False
142.4021 	EXP 	grating: autoDraw = True
142.4021 	EXP 	grating: tex = 'sin'
142.7021 	EXP 	grating: autoDraw = False
142.8043 	EXP 	window1: recordFrameIntervals = False
142.8062 	DATA 	Keypress: left
142.8187 	EXP 	fixation: autoDraw = False
142.8187 	EXP 	grating: autoDraw = False
142.8190 	EXP 	window1: recordFrameIntervals = False
143.8180 	EXP 	fixation: autoDraw = True
144.8177 	EXP 	fixation: autoDraw = False
144.8177 	EXP 	grating: autoDraw = True
144.8177 	EXP 	grating: tex = 'sin'
145.1173 	EXP 	grating: autoDraw = False
145.2028 	EXP 	window1: recordFrameIntervals = False
145.2043 	DATA 	Keypress: left
145.2172 	EXP 	fixation: autoDraw = False
145.2172 	EXP 	grating: autoDraw = False
145.2175 	EXP 	window1: recordFrameIntervals = False
146.2166 	EXP 	fixation: autoDraw = True
147.2161 	EXP 	fixation: autoDraw = False
147.2161 	EXP 	grating: autoDraw = True
147.2161 	EXP 	grating: tex = 'sin'
147.5164 	EXP 	grating: autoDraw = False
147.6019 	EXP 	window1: recordFrameIntervals = False
147.6034 	DATA 	Keypress: left
147.6159 	EXP 	fixation: autoDraw = False
147.6159 	EXP 	grating: autoDraw = False
147.6162 	EXP 	window1: recordFrameIntervals = False
148.6152 	EXP 	fixation: autoDraw = True
149.6147 	EXP 	fixation: autoDraw = False
149.6147 	EXP 	grating: autoDraw = True
149.6147 	EXP 	grating: tex = 'sin'
149.9146 	EXP 	grating: autoDraw = False
150.2335 	EXP 	window1: recordFrameIntervals = False
150.2349 	DATA 	Keypress: left
150.2478 	EXP 	fixation: autoDraw = False
150.2478 	EXP 	grating: autoDraw = False
150.2480 	EXP 	window1: recordFrameIntervals = False
151.2471 	EXP 	fixation: autoDraw = True
152.2467 	EXP 	fixation: autoDraw = False
152.2467 	EXP 	grating: autoDraw = True
152.2467 	EXP 	grating: tex = 'sin'
152.5466 	EXP 	grating: autoDraw = False
152.6501 	DATA 	Keypress: right
152.6658 	EXP 	window1: recordFrameIntervals = False
152.6797 	EXP 	fixation: autoDraw = False
152.6797 	EXP 	grating: autoDraw = False
152.6800 	EXP 	window1: recordFrameIntervals = False
153.6792 	EXP 	fixation: autoDraw = True
154.6786 	EXP 	fixation: autoDraw = False
154.6786 	EXP 	grating: autoDraw = True
154.6786 	EXP 	grating: tex = 'sin'
154.9784 	EXP 	grating: autoDraw = False
155.0153 	DATA 	Keypress: right
155.0310 	EXP 	window1: recordFrameIntervals = False
155.0451 	EXP 	fixation: autoDraw = False
155.0451 	EXP 	grating: autoDraw = False
155.0454 	EXP 	window1: recordFrameIntervals = False
156.0447 	EXP 	fixation: autoDraw = True
157.0446 	EXP 	fixation: autoDraw = False
157.0446 	EXP 	grating: autoDraw = True
157.0446 	EXP 	grating: tex = 'sin'
157.3438 	EXP 	grating: autoDraw = False
157.4293 	EXP 	window1: recordFrameIntervals = False
157.4307 	DATA 	Keypress: right
157.4437 	EXP 	fixation: autoDraw = False
157.4437 	EXP 	grating: autoDraw = False
157.4440 	EXP 	window1: recordFrameIntervals = False
158.4430 	EXP 	fixation: autoDraw = True
159.4426 	EXP 	fixation: autoDraw = False
159.4426 	EXP 	grating: autoDraw = True
159.4426 	EXP 	grating: tex = 'sin'
159.7427 	EXP 	grating: autoDraw = False
159.7952 	EXP 	window1: recordFrameIntervals = False
159.7967 	DATA 	Keypress: right
159.8092 	EXP 	fixation: autoDraw = False
159.8092 	EXP 	grating: autoDraw = False
159.8095 	EXP 	window1: recordFrameIntervals = False
160.8086 	EXP 	fixation: autoDraw = True
161.8080 	EXP 	fixation: autoDraw = False
161.8080 	EXP 	grating: autoDraw = True
161.8080 	EXP 	grating: tex = 'sin'
162.1079 	EXP 	grating: autoDraw = False
162.2271 	EXP 	window1: recordFrameIntervals = False
162.2285 	DATA 	Keypress: right
162.2413 	EXP 	fixation: autoDraw = False
162.2413 	EXP 	grating: autoDraw = False
162.2416 	EXP 	window1: recordFrameIntervals = False
163.2406 	EXP 	fixation: autoDraw = True
164.2399 	EXP 	fixation: autoDraw = False
164.2399 	EXP 	grating: autoDraw = True
164.2399 	EXP 	grating: tex = 'sin'
164.5398 	EXP 	grating: autoDraw = False
164.5768 	EXP 	window1: recordFrameIntervals = False
164.5789 	DATA 	Keypress: right
164.5898 	EXP 	fixation: autoDraw = False
164.5898 	EXP 	grating: autoDraw = False
164.5901 	EXP 	window1: recordFrameIntervals = False
165.5890 	EXP 	fixation: autoDraw = True
166.5887 	EXP 	fixation: autoDraw = False
166.5887 	EXP 	grating: autoDraw = True
166.5887 	EXP 	grating: tex = 'sin'
166.8886 	EXP 	grating: autoDraw = False
167.1579 	EXP 	window1: recordFrameIntervals = False
167.1594 	DATA 	Keypress: right
167.1716 	EXP 	fixation: autoDraw = False
167.1716 	EXP 	grating: autoDraw = False
167.1719 	EXP 	window1: recordFrameIntervals = False
168.1709 	EXP 	fixation: autoDraw = True
169.1705 	EXP 	fixation: autoDraw = False
169.1705 	EXP 	grating: autoDraw = True
169.1705 	EXP 	grating: tex = 'sin'
169.4708 	EXP 	grating: autoDraw = False
169.6898 	EXP 	window1: recordFrameIntervals = False
169.6912 	DATA 	Keypress: right
169.7036 	EXP 	fixation: autoDraw = False
169.7036 	EXP 	grating: autoDraw = False
169.7039 	EXP 	window1: recordFrameIntervals = False
170.7028 	EXP 	fixation: autoDraw = True
171.7025 	EXP 	fixation: autoDraw = False
171.7025 	EXP 	grating: autoDraw = True
171.7025 	EXP 	grating: tex = 'sin'
172.0023 	EXP 	grating: autoDraw = False
172.0882 	EXP 	window1: recordFrameIntervals = False
172.0896 	DATA 	Keypress: right
172.1022 	EXP 	fixation: autoDraw = False
172.1022 	EXP 	grating: autoDraw = False
172.1025 	EXP 	window1: recordFrameIntervals = False
173.1017 	EXP 	fixation: autoDraw = True
174.1011 	EXP 	fixation: autoDraw = False
174.1011 	EXP 	grating: autoDraw = True
174.1011 	EXP 	grating: tex = 'sin'
174.4010 	EXP 	grating: autoDraw = False
176.4026 	EXP 	window1: recordFrameIntervals = False
176.4044 	DATA 	Keypress: right
176.4166 	EXP 	fixation: autoDraw = False
176.4166 	EXP 	grating: autoDraw = False
176.4169 	EXP 	window1: recordFrameIntervals = False
177.4158 	EXP 	fixation: autoDraw = True
178.4154 	EXP 	fixation: autoDraw = False
178.4154 	EXP 	grating: autoDraw = True
178.4154 	EXP 	grating: tex = 'sin'
178.7153 	EXP 	grating: autoDraw = False
178.7679 	EXP 	window1: recordFrameIntervals = False
178.7694 	DATA 	Keypress: right
178.7819 	EXP 	fixation: autoDraw = False
178.7819 	EXP 	grating: autoDraw = False
178.7822 	EXP 	window1: recordFrameIntervals = False
179.7812 	EXP 	fixation: autoDraw = True
180.7807 	EXP 	fixation: autoDraw = False
180.7807 	EXP 	grating: autoDraw = True
180.7807 	EXP 	grating: tex = 'sin'
181.0806 	EXP 	grating: autoDraw = False
181.1171 	EXP 	window1: recordFrameIntervals = False
181.1187 	DATA 	Keypress: right
181.1306 	EXP 	fixation: autoDraw = False
181.1306 	EXP 	grating: autoDraw = False
181.1308 	EXP 	window1: recordFrameIntervals = False
182.1300 	EXP 	fixation: autoDraw = True
183.1295 	EXP 	fixation: autoDraw = False
183.1295 	EXP 	grating: autoDraw = True
183.1295 	EXP 	grating: tex = 'sin'
183.4292 	EXP 	grating: autoDraw = False
183.5481 	DATA 	Keypress: left
183.5652 	EXP 	window1: recordFrameIntervals = False
183.5793 	EXP 	fixation: autoDraw = False
183.5793 	EXP 	grating: autoDraw = False
183.5795 	EXP 	window1: recordFrameIntervals = False
184.5785 	EXP 	fixation: autoDraw = True
185.5781 	EXP 	fixation: autoDraw = False
185.5781 	EXP 	grating: autoDraw = True
185.5781 	EXP 	grating: tex = 'sin'
185.8780 	EXP 	grating: autoDraw = False
185.9807 	EXP 	window1: recordFrameIntervals = False
185.9821 	DATA 	Keypress: right
185.9946 	EXP 	fixation: autoDraw = False
185.9946 	EXP 	grating: autoDraw = False
185.9948 	EXP 	window1: recordFrameIntervals = False
186.9940 	EXP 	fixation: autoDraw = True
187.9935 	EXP 	fixation: autoDraw = False
187.9935 	EXP 	grating: autoDraw = True
187.9935 	EXP 	grating: tex = 'sin'
188.2932 	EXP 	grating: autoDraw = False
188.4124 	EXP 	window1: recordFrameIntervals = False
188.4138 	DATA 	Keypress: left
188.4266 	EXP 	fixation: autoDraw = False
188.4266 	EXP 	grating: autoDraw = False
188.4268 	EXP 	window1: recordFrameIntervals = False
189.4257 	EXP 	fixation: autoDraw = True
190.4258 	EXP 	fixation: autoDraw = False
190.4258 	EXP 	grating: autoDraw = True
190.4258 	EXP 	grating: tex = 'sin'
190.7254 	EXP 	grating: autoDraw = False
190.8614 	EXP 	window1: recordFrameIntervals = False
190.8629 	DATA 	Keypress: left
190.8752 	EXP 	fixation: autoDraw = False
190.8752 	EXP 	grating: autoDraw = False
190.8756 	EXP 	window1: recordFrameIntervals = False
191.8746 	EXP 	fixation: autoDraw = True
192.8745 	EXP 	fixation: autoDraw = False
192.8745 	EXP 	grating: autoDraw = True
192.8745 	EXP 	grating: tex = 'sin'
193.1739 	EXP 	grating: autoDraw = False
193.2765 	EXP 	window1: recordFrameIntervals = False
193.2780 	DATA 	Keypress: right
193.2905 	EXP 	fixation: autoDraw = False
193.2905 	EXP 	grating: autoDraw = False
193.2909 	EXP 	window1: recordFrameIntervals = False
194.2899 	EXP 	fixation: autoDraw = True
195.2898 	EXP 	fixation: autoDraw = False
195.2898 	EXP 	grating: autoDraw = True
195.2898 	EXP 	grating: tex = 'sin'
195.5892 	EXP 	grating: autoDraw = False
195.7249 	EXP 	window1: recordFrameIntervals = False
195.7264 	DATA 	Keypress: right
195.7391 	EXP 	fixation: autoDraw = False
195.7391 	EXP 	grating: autoDraw = False
195.7394 	EXP 	window1: recordFrameIntervals = False
196.5096 	DATA 	Keypress: left
196.7383 	EXP 	fixation: autoDraw = True
197.7385 	EXP 	fixation: autoDraw = False
197.7385 	EXP 	grating: autoDraw = True
197.7385 	EXP 	grating: tex = 'sin'
198.0379 	EXP 	grating: autoDraw = False
198.1235 	EXP 	window1: recordFrameIntervals = False
198.1248 	DATA 	Keypress: left
198.1377 	EXP 	fixation: autoDraw = False
198.1377 	EXP 	grating: autoDraw = False
198.1380 	EXP 	window1: recordFrameIntervals = False
199.1371 	EXP 	fixation: autoDraw = True
200.1368 	EXP 	fixation: autoDraw = False
200.1368 	EXP 	grating: autoDraw = True
200.1368 	EXP 	grating: tex = 'sin'
200.4364 	EXP 	grating: autoDraw = False
200.5556 	EXP 	window1: recordFrameIntervals = False
200.5571 	DATA 	Keypress: right
200.5697 	EXP 	fixation: autoDraw = False
200.5697 	EXP 	grating: autoDraw = False
200.5700 	EXP 	window1: recordFrameIntervals = False
201.5691 	EXP 	fixation: autoDraw = True
202.5688 	EXP 	fixation: autoDraw = False
202.5688 	EXP 	grating: autoDraw = True
202.5688 	EXP 	grating: tex = 'sin'
202.8685 	EXP 	grating: autoDraw = False
202.9382 	EXP 	window1: recordFrameIntervals = False
202.9410 	DATA 	Keypress: left
202.9517 	EXP 	fixation: autoDraw = False
202.9517 	EXP 	grating: autoDraw = False
202.9520 	EXP 	window1: recordFrameIntervals = False
203.9511 	EXP 	fixation: autoDraw = True
204.9507 	EXP 	fixation: autoDraw = False
204.9507 	EXP 	grating: autoDraw = True
204.9507 	EXP 	grating: tex = 'sin'
205.2506 	EXP 	grating: autoDraw = False
205.3696 	EXP 	window1: recordFrameIntervals = False
205.3714 	DATA 	Keypress: left
205.3837 	EXP 	fixation: autoDraw = False
205.3837 	EXP 	grating: autoDraw = False
205.3839 	EXP 	window1: recordFrameIntervals = False
206.3835 	EXP 	fixation: autoDraw = True
207.3826 	EXP 	fixation: autoDraw = False
207.3826 	EXP 	grating: autoDraw = True
207.3826 	EXP 	grating: tex = 'sin'
207.6824 	EXP 	grating: autoDraw = False
207.8182 	EXP 	window1: recordFrameIntervals = False
207.8196 	DATA 	Keypress: left
207.8324 	EXP 	fixation: autoDraw = False
207.8324 	EXP 	grating: autoDraw = False
207.8327 	EXP 	window1: recordFrameIntervals = False
208.8318 	EXP 	fixation: autoDraw = True
209.8313 	EXP 	fixation: autoDraw = False
209.8313 	EXP 	grating: autoDraw = True
209.8313 	EXP 	grating: tex = 'sin'
210.1311 	EXP 	grating: autoDraw = False
210.2003 	EXP 	window1: recordFrameIntervals = False
210.2018 	DATA 	Keypress: right
210.2143 	EXP 	fixation: autoDraw = False
210.2143 	EXP 	grating: autoDraw = False
210.2146 	EXP 	window1: recordFrameIntervals = False
211.2139 	EXP 	fixation: autoDraw = True
212.2133 	EXP 	fixation: autoDraw = False
212.2133 	EXP 	grating: autoDraw = True
212.2133 	EXP 	grating: tex = 'sin'
212.5130 	EXP 	grating: autoDraw = False
212.6320 	EXP 	window1: recordFrameIntervals = False
212.6334 	DATA 	Keypress: right
212.6464 	EXP 	fixation: autoDraw = False
212.6464 	EXP 	grating: autoDraw = False
212.6466 	EXP 	window1: recordFrameIntervals = False
213.6458 	EXP 	fixation: autoDraw = True
214.6453 	EXP 	fixation: autoDraw = False
214.6453 	EXP 	grating: autoDraw = True
214.6453 	EXP 	grating: tex = 'sin'
214.9451 	EXP 	grating: autoDraw = False
215.0976 	EXP 	window1: recordFrameIntervals = False
215.0992 	DATA 	Keypress: right
215.1119 	EXP 	fixation: autoDraw = False
215.1119 	EXP 	grating: autoDraw = False
215.1121 	EXP 	window1: recordFrameIntervals = False
216.1109 	EXP 	fixation: autoDraw = True
217.1106 	EXP 	fixation: autoDraw = False
217.1106 	EXP 	grating: autoDraw = True
217.1106 	EXP 	grating: tex = 'sin'
217.4107 	EXP 	grating: autoDraw = False
217.4971 	EXP 	window1: recordFrameIntervals = False
217.4986 	DATA 	Keypress: right
217.5103 	EXP 	fixation: autoDraw = False
217.5103 	EXP 	grating: autoDraw = False
217.5105 	EXP 	window1: recordFrameIntervals = False
218.5098 	EXP 	fixation: autoDraw = True
219.5093 	EXP 	fixation: autoDraw = False
219.5093 	EXP 	grating: autoDraw = True
219.5093 	EXP 	grating: tex = 'sin'
219.8095 	EXP 	grating: autoDraw = False
219.8786 	EXP 	window1: recordFrameIntervals = False
219.8801 	DATA 	Keypress: right
219.8923 	EXP 	fixation: autoDraw = False
219.8923 	EXP 	grating: autoDraw = False
219.8926 	EXP 	window1: recordFrameIntervals = False
220.8918 	EXP 	fixation: autoDraw = True
221.8913 	EXP 	fixation: autoDraw = False
221.8913 	EXP 	grating: autoDraw = True
221.8913 	EXP 	grating: tex = 'sin'
222.1912 	EXP 	grating: autoDraw = False
222.2104 	EXP 	window1: recordFrameIntervals = False
222.2119 	DATA 	Keypress: right
222.2243 	EXP 	fixation: autoDraw = False
222.2243 	EXP 	grating: autoDraw = False
222.2245 	EXP 	window1: recordFrameIntervals = False
223.2237 	EXP 	fixation: autoDraw = True
224.2236 	EXP 	fixation: autoDraw = False
224.2236 	EXP 	grating: autoDraw = True
224.2236 	EXP 	grating: tex = 'sin'
224.5234 	EXP 	grating: autoDraw = False
224.8254 	EXP 	window1: recordFrameIntervals = False
224.8269 	DATA 	Keypress: right
224.8396 	EXP 	fixation: autoDraw = False
224.8396 	EXP 	grating: autoDraw = False
224.8398 	EXP 	window1: recordFrameIntervals = False
225.8389 	EXP 	fixation: autoDraw = True
226.8385 	EXP 	fixation: autoDraw = False
226.8385 	EXP 	grating: autoDraw = True
226.8385 	EXP 	grating: tex = 'sin'
227.1383 	EXP 	grating: autoDraw = False
227.1909 	DATA 	Keypress: left
227.2073 	EXP 	window1: recordFrameIntervals = False
227.2217 	EXP 	fixation: autoDraw = False
227.2217 	EXP 	grating: autoDraw = False
227.2219 	EXP 	window1: recordFrameIntervals = False
228.2208 	EXP 	fixation: autoDraw = True
229.2207 	EXP 	fixation: autoDraw = False
229.2207 	EXP 	grating: autoDraw = True
229.2207 	EXP 	grating: tex = 'sin'
229.5202 	EXP 	grating: autoDraw = False
229.7227 	EXP 	window1: recordFrameIntervals = False
229.7243 	DATA 	Keypress: left
229.7369 	EXP 	fixation: autoDraw = False
229.7369 	EXP 	grating: autoDraw = False
229.7372 	EXP 	window1: recordFrameIntervals = False
230.7362 	EXP 	fixation: autoDraw = True
231.7357 	EXP 	fixation: autoDraw = False
231.7357 	EXP 	grating: autoDraw = True
231.7357 	EXP 	grating: tex = 'sin'
232.0362 	EXP 	grating: autoDraw = False
232.0715 	EXP 	window1: recordFrameIntervals = False
232.0728 	DATA 	Keypress: right
232.0856 	EXP 	fixation: autoDraw = False
232.0856 	EXP 	grating: autoDraw = False
232.0859 	EXP 	window1: recordFrameIntervals = False
233.0849 	EXP 	fixation: autoDraw = True
234.0844 	EXP 	fixation: autoDraw = False
234.0844 	EXP 	grating: autoDraw = True
234.0844 	EXP 	grating: tex = 'sin'
234.3843 	EXP 	grating: autoDraw = False
234.5204 	EXP 	window1: recordFrameIntervals = False
234.5219 	DATA 	Keypress: right
234.5342 	EXP 	fixation: autoDraw = False
234.5342 	EXP 	grating: autoDraw = False
234.5344 	EXP 	window1: recordFrameIntervals = False
235.5336 	EXP 	fixation: autoDraw = True
236.5331 	EXP 	fixation: autoDraw = False
236.5331 	EXP 	grating: autoDraw = True
236.5331 	EXP 	grating: tex = 'sin'
236.8330 	EXP 	grating: autoDraw = False
236.9185 	EXP 	window1: recordFrameIntervals = False
236.9200 	DATA 	Keypress: left
236.9328 	EXP 	fixation: autoDraw = False
236.9328 	EXP 	grating: autoDraw = False
236.9331 	EXP 	window1: recordFrameIntervals = False
237.9323 	EXP 	fixation: autoDraw = True
238.9317 	EXP 	fixation: autoDraw = False
238.9317 	EXP 	grating: autoDraw = True
238.9317 	EXP 	grating: tex = 'sin'
239.2315 	EXP 	grating: autoDraw = False
239.3182 	EXP 	window1: recordFrameIntervals = False
239.3197 	DATA 	Keypress: left
239.3315 	EXP 	fixation: autoDraw = False
239.3315 	EXP 	grating: autoDraw = False
239.3318 	EXP 	window1: recordFrameIntervals = False
240.3314 	EXP 	fixation: autoDraw = True
241.3304 	EXP 	grating: autoDraw = True
241.3304 	EXP 	grating: tex = 'sin'
241.3471 	EXP 	fixation: autoDraw = False
241.6302 	EXP 	grating: autoDraw = False
241.7329 	EXP 	window1: recordFrameIntervals = False
241.7343 	DATA 	Keypress: left
241.7469 	EXP 	fixation: autoDraw = False
241.7469 	EXP 	grating: autoDraw = False
241.7472 	EXP 	window1: recordFrameIntervals = False
242.7461 	EXP 	fixation: autoDraw = True
243.7457 	EXP 	fixation: autoDraw = False
243.7457 	EXP 	grating: autoDraw = True
243.7457 	EXP 	grating: tex = 'sin'
244.0455 	EXP 	grating: autoDraw = False
244.1145 	DATA 	Keypress: left
244.1312 	EXP 	window1: recordFrameIntervals = False
244.1456 	EXP 	fixation: autoDraw = False
244.1456 	EXP 	grating: autoDraw = False
244.1458 	EXP 	window1: recordFrameIntervals = False
245.1455 	EXP 	fixation: autoDraw = True
246.1444 	EXP 	fixation: autoDraw = False
246.1444 	EXP 	grating: autoDraw = True
246.1444 	EXP 	grating: tex = 'sin'
246.4444 	EXP 	grating: autoDraw = False
246.5306 	DATA 	Keypress: left
246.5465 	EXP 	window1: recordFrameIntervals = False
246.5608 	EXP 	fixation: autoDraw = False
246.5608 	EXP 	grating: autoDraw = False
246.5611 	EXP 	window1: recordFrameIntervals = False
247.5602 	EXP 	fixation: autoDraw = True
248.5597 	EXP 	fixation: autoDraw = False
248.5597 	EXP 	grating: autoDraw = True
248.5597 	EXP 	grating: tex = 'sin'
248.8597 	EXP 	grating: autoDraw = False
248.8957 	DATA 	Keypress: right
248.9121 	EXP 	window1: recordFrameIntervals = False
248.9262 	EXP 	fixation: autoDraw = False
248.9262 	EXP 	grating: autoDraw = False
248.9266 	EXP 	window1: recordFrameIntervals = False
249.9257 	EXP 	fixation: autoDraw = True
250.9251 	EXP 	fixation: autoDraw = False
250.9251 	EXP 	grating: autoDraw = True
250.9251 	EXP 	grating: tex = 'sin'
251.2253 	EXP 	grating: autoDraw = False
251.4956 	EXP 	window1: recordFrameIntervals = False
251.4971 	DATA 	Keypress: left
251.5081 	EXP 	fixation: autoDraw = False
251.5081 	EXP 	grating: autoDraw = False
251.5083 	EXP 	window1: recordFrameIntervals = False
252.5075 	EXP 	fixation: autoDraw = True
253.5070 	EXP 	fixation: autoDraw = False
253.5070 	EXP 	grating: autoDraw = True
253.5070 	EXP 	grating: tex = 'sin'
253.8068 	EXP 	grating: autoDraw = False
253.8760 	EXP 	window1: recordFrameIntervals = False
253.8776 	DATA 	Keypress: right
253.8906 	EXP 	fixation: autoDraw = False
253.8906 	EXP 	grating: autoDraw = False
253.8908 	EXP 	window1: recordFrameIntervals = False
254.8896 	EXP 	fixation: autoDraw = True
255.8890 	EXP 	fixation: autoDraw = False
255.8890 	EXP 	grating: autoDraw = True
255.8890 	EXP 	grating: tex = 'sin'
256.1892 	EXP 	grating: autoDraw = False
256.2415 	EXP 	window1: recordFrameIntervals = False
256.2429 	DATA 	Keypress: left
256.2554 	EXP 	fixation: autoDraw = False
256.2554 	EXP 	grating: autoDraw = False
256.2557 	EXP 	window1: recordFrameIntervals = False
257.2548 	EXP 	fixation: autoDraw = True
258.2544 	EXP 	fixation: autoDraw = False
258.2544 	EXP 	grating: autoDraw = True
258.2544 	EXP 	grating: tex = 'sin'
258.5546 	EXP 	grating: autoDraw = False
258.7066 	EXP 	window1: recordFrameIntervals = False
258.7080 	DATA 	Keypress: left
258.7208 	EXP 	fixation: autoDraw = False
258.7208 	EXP 	grating: autoDraw = False
258.7213 	EXP 	window1: recordFrameIntervals = False
259.7200 	EXP 	fixation: autoDraw = True
260.7196 	EXP 	fixation: autoDraw = False
260.7196 	EXP 	grating: autoDraw = True
260.7196 	EXP 	grating: tex = 'sin'
261.0200 	EXP 	grating: autoDraw = False
261.3058 	EXP 	window1: recordFrameIntervals = False
261.3072 	DATA 	Keypress: left
261.3193 	EXP 	fixation: autoDraw = False
261.3193 	EXP 	grating: autoDraw = False
261.3195 	EXP 	window1: recordFrameIntervals = False
262.3187 	EXP 	fixation: autoDraw = True
263.3183 	EXP 	fixation: autoDraw = False
263.3183 	EXP 	grating: autoDraw = True
263.3183 	EXP 	grating: tex = 'sin'
263.6180 	EXP 	grating: autoDraw = False
265.0700 	EXP 	window1: recordFrameIntervals = False
265.0715 	DATA 	Keypress: left
265.0839 	EXP 	fixation: autoDraw = False
265.0839 	EXP 	grating: autoDraw = False
265.0842 	EXP 	window1: recordFrameIntervals = False
266.0830 	EXP 	fixation: autoDraw = True
267.0828 	EXP 	fixation: autoDraw = False
267.0828 	EXP 	grating: autoDraw = True
267.0828 	EXP 	grating: tex = 'sin'
267.3826 	EXP 	grating: autoDraw = False
267.4350 	EXP 	window1: recordFrameIntervals = False
267.4366 	DATA 	Keypress: right
267.4491 	EXP 	fixation: autoDraw = False
267.4491 	EXP 	grating: autoDraw = False
267.4494 	EXP 	window1: recordFrameIntervals = False
268.4487 	EXP 	fixation: autoDraw = True
269.4481 	EXP 	fixation: autoDraw = False
269.4481 	EXP 	grating: autoDraw = True
269.4481 	EXP 	grating: tex = 'sin'
269.7481 	EXP 	grating: autoDraw = False
270.0503 	EXP 	window1: recordFrameIntervals = False
270.0518 	DATA 	Keypress: left
270.0644 	EXP 	fixation: autoDraw = False
270.0644 	EXP 	grating: autoDraw = False
270.0647 	EXP 	window1: recordFrameIntervals = False
271.0639 	EXP 	fixation: autoDraw = True
272.0633 	EXP 	fixation: autoDraw = False
272.0633 	EXP 	grating: autoDraw = True
272.0633 	EXP 	grating: tex = 'sin'
272.3631 	EXP 	grating: autoDraw = False
272.4655 	EXP 	window1: recordFrameIntervals = False
272.4669 	DATA 	Keypress: left
272.4797 	EXP 	fixation: autoDraw = False
272.4797 	EXP 	grating: autoDraw = False
272.4800 	EXP 	window1: recordFrameIntervals = False
273.4792 	EXP 	fixation: autoDraw = True
274.4787 	EXP 	fixation: autoDraw = False
274.4787 	EXP 	grating: autoDraw = True
274.4787 	EXP 	grating: tex = 'sin'
274.7785 	EXP 	grating: autoDraw = False
274.8976 	EXP 	window1: recordFrameIntervals = False
274.8991 	DATA 	Keypress: left
274.9117 	EXP 	fixation: autoDraw = False
274.9117 	EXP 	grating: autoDraw = False
274.9120 	EXP 	window1: recordFrameIntervals = False
275.9111 	EXP 	fixation: autoDraw = True
276.9107 	EXP 	fixation: autoDraw = False
276.9107 	EXP 	grating: autoDraw = True
276.9107 	EXP 	grating: tex = 'sin'
277.2104 	EXP 	grating: autoDraw = False
277.3303 	DATA 	Keypress: left
277.3606 	EXP 	fixation: autoDraw = False
277.3606 	EXP 	grating: autoDraw = False
277.5374 	EXP 	window1: mouseVisible = True
